this round started at Wed Nov 30 15:00:01 CST 2016
Unexpected response: <h1>401: Unauthorized</h1>Unauthorized User6cGFzc3dvcmQ=
User-Agent: transmission-remote/2.13 (11501)
Host: localhost:9091
Accept: */*
Accept-Encoding: deflate, gzip

this round ended at Wed Nov 30 15:00:01 CST 2016
this round started at Wed Nov 30 15:02:01 CST 2016
Unexpected response: <h1>401: Unauthorized</h1>Unauthorized UserhbnNtaXNzaW9uL2Rvd25sb2FkZWQ6
User-Agent: transmission-remote/2.13 (11501)
Host: localhost:9091
Accept: */*
Accept-Encoding: deflate, gzip

this round ended at Wed Nov 30 15:02:01 CST 2016
this round started at Wed Nov 30 15:04:01 CST 2016
this round ended at Wed Nov 30 15:04:01 CST 2016
this round started at Wed Nov 30 15:06:01 CST 2016
this round ended at Wed Nov 30 15:06:01 CST 2016
this round started at Wed Nov 30 15:08:01 CST 2016
this round ended at Wed Nov 30 15:08:01 CST 2016
this round started at Wed Nov 30 15:10:02 CST 2016
this round ended at Wed Nov 30 15:10:02 CST 2016
this round started at Wed Nov 30 15:12:01 CST 2016
this round ended at Wed Nov 30 15:12:01 CST 2016
this round started at Wed Nov 30 15:14:01 CST 2016
this round ended at Wed Nov 30 15:14:01 CST 2016
this round started at Wed Nov 30 15:16:01 CST 2016
this round ended at Wed Nov 30 15:16:02 CST 2016
this round started at Wed Nov 30 15:18:01 CST 2016
this round ended at Wed Nov 30 15:18:01 CST 2016
this round started at Wed Nov 30 15:20:01 CST 2016
this round ended at Wed Nov 30 15:20:01 CST 2016
this round started at Wed Nov 30 15:22:01 CST 2016
this round ended at Wed Nov 30 15:22:01 CST 2016
this round started at Wed Nov 30 15:24:01 CST 2016
this round ended at Wed Nov 30 15:24:01 CST 2016
this round started at Wed Nov 30 15:26:01 CST 2016
this round ended at Wed Nov 30 15:26:01 CST 2016
this round started at Wed Nov 30 15:28:01 CST 2016
this round ended at Wed Nov 30 15:28:01 CST 2016
this round started at Wed Nov 30 15:30:01 CST 2016
this round ended at Wed Nov 30 15:30:01 CST 2016
this round started at Wed Nov 30 15:32:01 CST 2016
this round ended at Wed Nov 30 15:32:02 CST 2016
this round started at Wed Nov 30 15:34:01 CST 2016
this round ended at Wed Nov 30 15:34:01 CST 2016
this round started at Wed Nov 30 15:36:01 CST 2016
this round ended at Wed Nov 30 15:36:02 CST 2016
this round started at Wed Nov 30 15:38:01 CST 2016
this round ended at Wed Nov 30 15:38:01 CST 2016
this round started at Wed Nov 30 15:40:01 CST 2016
this round ended at Wed Nov 30 15:40:01 CST 2016
this round started at Wed Nov 30 15:42:01 CST 2016
this round ended at Wed Nov 30 15:42:01 CST 2016
this round started at Wed Nov 30 15:44:01 CST 2016
this round ended at Wed Nov 30 15:44:01 CST 2016
this round started at Wed Nov 30 15:46:01 CST 2016
this round ended at Wed Nov 30 15:46:02 CST 2016
this round started at Wed Nov 30 15:48:01 CST 2016
this round ended at Wed Nov 30 15:48:01 CST 2016
this round started at Wed Nov 30 15:50:02 CST 2016
this round ended at Wed Nov 30 15:50:02 CST 2016
this round started at Wed Nov 30 15:52:01 CST 2016
this round ended at Wed Nov 30 15:52:01 CST 2016
this round started at Wed Nov 30 15:54:02 CST 2016
this round ended at Wed Nov 30 15:54:02 CST 2016
this round started at Wed Nov 30 15:56:01 CST 2016
this round ended at Wed Nov 30 15:56:01 CST 2016
this round started at Wed Nov 30 15:58:01 CST 2016
this round ended at Wed Nov 30 15:58:01 CST 2016
this round started at Wed Nov 30 16:00:01 CST 2016
this round ended at Wed Nov 30 16:00:01 CST 2016
this round started at Wed Nov 30 16:02:01 CST 2016
this round ended at Wed Nov 30 16:02:02 CST 2016
this round started at Wed Nov 30 16:04:01 CST 2016
this round ended at Wed Nov 30 16:04:01 CST 2016
this round started at Wed Nov 30 16:06:01 CST 2016
this round ended at Wed Nov 30 16:06:01 CST 2016
this round started at Wed Nov 30 16:08:01 CST 2016
this round ended at Wed Nov 30 16:08:01 CST 2016
